0 info it worked if it ends with ok
1 verbose cli [ '/home/ubuntu/.nvm/versions/node/v4.4.3/bin/node',
1 verbose cli   '/home/ubuntu/.nvm/versions/node/v4.4.3/bin/npm',
1 verbose cli   'run-script',
1 verbose cli   'watch' ]
2 info using npm@3.9.0
3 info using node@v4.4.3
4 verbose run-script [ 'prewatch', 'watch', 'postwatch' ]
5 info lifecycle rawlejuglal.me@1.0.0~prewatch: rawlejuglal.me@1.0.0
6 silly lifecycle rawlejuglal.me@1.0.0~prewatch: no script for prewatch, continuing
7 info lifecycle rawlejuglal.me@1.0.0~watch: rawlejuglal.me@1.0.0
8 verbose lifecycle rawlejuglal.me@1.0.0~watch: unsafe-perm in lifecycle true
9 verbose lifecycle rawlejuglal.me@1.0.0~watch: PATH: /home/ubuntu/.nvm/versions/node/v4.4.3/lib/node_modules/npm/bin/node-gyp-bin:/home/ubuntu/workspace/node_modules/.bin:/home/ubuntu/.nvm/versions/node/v4.4.3/bin:/home/ubuntu/.nvm/versions/node/v4.4.3/bin:/usr/local/rvm/gems/ruby-2.3.0/bin:/usr/local/rvm/gems/ruby-2.3.0@global/bin:/usr/local/rvm/rubies/ruby-2.3.0/bin:/mnt/shared/bin:/home/ubuntu/workspace/node_modules/.bin:/home/ubuntu/bin:/usr/local/sbin:/usr/local/bin:/usr/sbin:/usr/bin:/sbin:/bin:/mnt/shared/sbin:/opt/gitl:/opt/go/bin:/mnt/shared/c9/app.nw/bin:/usr/local/rvm/bin
10 verbose lifecycle rawlejuglal.me@1.0.0~watch: CWD: /home/ubuntu/workspace
11 silly lifecycle rawlejuglal.me@1.0.0~watch: Args: [ '-c', 'nodemon ./bin/www' ]
12 info lifecycle rawlejuglal.me@1.0.0~watch: Failed to exec watch script
13 verbose stack Error: rawlejuglal.me@1.0.0 watch: `nodemon ./bin/www`
13 verbose stack spawn ENOENT
13 verbose stack     at ChildProcess.<anonymous> (/home/ubuntu/.nvm/versions/node/v4.4.3/lib/node_modules/npm/lib/utils/spawn.js:17:16)
13 verbose stack     at emitTwo (events.js:87:13)
13 verbose stack     at ChildProcess.emit (events.js:172:7)
13 verbose stack     at maybeClose (internal/child_process.js:827:16)
13 verbose stack     at Process.ChildProcess._handle.onexit (internal/child_process.js:211:5)
14 verbose pkgid rawlejuglal.me@1.0.0
15 verbose cwd /home/ubuntu/workspace
16 error Linux 4.2.0-c9
17 error argv "/home/ubuntu/.nvm/versions/node/v4.4.3/bin/node" "/home/ubuntu/.nvm/versions/node/v4.4.3/bin/npm" "run-script" "watch"
18 error node v4.4.3
19 error npm  v3.9.0
20 error file sh
21 error code ELIFECYCLE
22 error errno ENOENT
23 error syscall spawn
24 error rawlejuglal.me@1.0.0 watch: `nodemon ./bin/www`
24 error spawn ENOENT
25 error Failed at the rawlejuglal.me@1.0.0 watch script 'nodemon ./bin/www'.
25 error Make sure you have the latest version of node.js and npm installed.
25 error If you do, this is most likely a problem with the rawlejuglal.me package,
25 error not with npm itself.
25 error Tell the author that this fails on your system:
25 error     nodemon ./bin/www
25 error You can get information on how to open an issue for this project with:
25 error     npm bugs rawlejuglal.me
25 error Or if that isn't available, you can get their info via:
25 error     npm owner ls rawlejuglal.me
25 error There is likely additional logging output above.
26 verbose exit [ 1, true ]
